# JRE version: Java(TM) SE Runtime Environment 18.9 (11.0.17+10) (build 11.0.17+10-LTS-269)
# Java VM: Java HotSpot(TM) 64-Bit Server VM 18.9 (11.0.17+10-LTS-269, mixed mode, tiered, compressed oops, g1 gc, windows-amd64)
Heap:
 garbage-first heap   total 262144K, used 118255K [0x00000000e0000000, 0x0000000100000000)
  region size 1024K, 50 young (51200K), 8 survivors (8192K)
 Metaspace       used 55624K, capacity 57342K, committed 57596K, reserved 436224K
  class space    used 7158K, capacity 7803K, committed 7808K, reserved 385024K
GC Heap History (10 events):
Event: 17.194 GC heap before
{Heap before GC invocations=9 (full 0):
 garbage-first heap   total 262144K, used 186844K [0x00000000e0000000, 0x0000000100000000)
  region size 1024K, 135 young (138240K), 17 survivors (17408K)
 Metaspace       used 50282K, capacity 51634K, committed 51964K, reserved 430080K
  class space    used 6611K, capacity 7190K, committed 7296K, reserved 385024K
}
Event: 17.206 GC heap after
{Heap after GC invocations=10 (full 0):
 garbage-first heap   total 262144K, used 68618K [0x00000000e0000000, 0x0000000100000000)
  region size 1024K, 12 young (12288K), 12 survivors (12288K)
 Metaspace       used 50282K, capacity 51634K, committed 51964K, reserved 430080K
  class space    used 6611K, capacity 7190K, committed 7296K, reserved 385024K
}
Event: 17.806 GC heap before
{Heap before GC invocations=10 (full 0):
 garbage-first heap   total 262144K, used 192522K [0x00000000e0000000, 0x0000000100000000)
  region size 1024K, 133 young (136192K), 12 survivors (12288K)
 Metaspace       used 50499K, capacity 51872K, committed 52220K, reserved 430080K
  class space    used 6623K, capacity 7201K, committed 7296K, reserved 385024K
}
Event: 17.816 GC heap after
{Heap after GC invocations=11 (full 0):
 garbage-first heap   total 262144K, used 68456K [0x00000000e0000000, 0x0000000100000000)
  region size 1024K, 3 young (3072K), 3 survivors (3072K)
 Metaspace       used 50499K, capacity 51872K, committed 52220K, reserved 430080K
  class space    used 6623K, capacity 7201K, committed 7296K, reserved 385024K
}
Event: 19.019 GC heap before
{Heap before GC invocations=11 (full 0):
 garbage-first heap   total 262144K, used 196456K [0x00000000e0000000, 0x0000000100000000)
  region size 1024K, 129 young (132096K), 3 survivors (3072K)
 Metaspace       used 51399K, capacity 52898K, committed 53116K, reserved 432128K
  class space    used 6728K, capacity 7326K, committed 7424K, reserved 385024K
}
Event: 19.023 GC heap after
{Heap after GC invocations=12 (full 0):
 garbage-first heap   total 262144K, used 70783K [0x00000000e0000000, 0x0000000100000000)
  region size 1024K, 5 young (5120K), 5 survivors (5120K)
 Metaspace       used 51399K, capacity 52898K, committed 53116K, reserved 432128K
  class space    used 6728K, capacity 7326K, committed 7424K, reserved 385024K
}
Event: 19.455 GC heap before
{Heap before GC invocations=12 (full 0):
 garbage-first heap   total 262144K, used 201855K [0x00000000e0000000, 0x0000000100000000)
  region size 1024K, 133 young (136192K), 5 survivors (5120K)
 Metaspace       used 51399K, capacity 52898K, committed 53116K, reserved 432128K
  class space    used 6728K, capacity 7326K, committed 7424K, reserved 385024K
}
Event: 19.462 GC heap after
{Heap after GC invocations=13 (full 0):
 garbage-first heap   total 262144K, used 73150K [0x00000000e0000000, 0x0000000100000000)
  region size 1024K, 8 young (8192K), 8 survivors (8192K)
 Metaspace       used 51399K, capacity 52898K, committed 53116K, reserved 432128K
  class space    used 6728K, capacity 7326K, committed 7424K, reserved 385024K
}
Event: 20.955 GC heap before
{Heap before GC invocations=13 (full 0):
 garbage-first heap   total 262144K, used 210366K [0x00000000e0000000, 0x0000000100000000)
  region size 1024K, 138 young (141312K), 8 survivors (8192K)
 Metaspace       used 53983K, capacity 55554K, committed 55804K, reserved 434176K
  class space    used 6921K, capacity 7504K, committed 7552K, reserved 385024K
}
Event: 20.964 GC heap after
{Heap after GC invocations=14 (full 0):
 garbage-first heap   total 262144K, used 76271K [0x00000000e0000000, 0x0000000100000000)
  region size 1024K, 8 young (8192K), 8 survivors (8192K)
 Metaspace       used 53983K, capacity 55554K, committed 55804K, reserved 434176K
  class space    used 6921K, capacity 7504K, committed 7552K, reserved 385024K
}

