# JRE version: OpenJDK Runtime Environment Temurin-18.0.2.1+1 (18.0.2.1+1) (build 18.0.2.1+1)
# Java VM: OpenJDK 64-Bit Server VM Temurin-18.0.2.1+1 (18.0.2.1+1, mixed mode, sharing, tiered, compressed oops, compressed class ptrs, g1 gc, windows-amd64)
GC Precious Log:
 CardTable entry size: 512
 Card Set container configuration: InlinePtr #cards 5 size 8 Array Of Cards #cards 12 size 40 Howl #buckets 4 coarsen threshold 1843 Howl Bitmap #cards 512 size 80 coarsen threshold 460 Card regions per heap region 1 cards per card region 2048
 CPUs: 8 total, 8 available
 Memory: 7973M
 Large Page Support: Disabled
 NUMA Support: Disabled
 Compressed Oops: Enabled (32-bit)
 Heap Region Size: 1M
 Heap Min Capacity: 256M
 Heap Initial Capacity: 256M
 Heap Max Capacity: 512M
 Pre-touch: Disabled
 Parallel Workers: 8
 Concurrent Workers: 2
 Concurrent Refinement Workers: 8
 Periodic GC: Disabled
Heap:
 garbage-first heap   total 343040K, used 177196K [0x00000000e0000000, 0x0000000100000000)
  region size 1024K, 10 young (10240K), 10 survivors (10240K)
 Metaspace       used 96455K, committed 98496K, reserved 446464K
  class space    used 12387K, committed 13696K, reserved 315392K
GC Heap History (20 events):
Event: 1339.134 GC heap after
{Heap after GC invocations=31 (full 0):
 garbage-first heap   total 343040K, used 148129K [0x00000000e0000000, 0x0000000100000000)
  region size 1024K, 2 young (2048K), 2 survivors (2048K)
 Metaspace       used 90691K, committed 94656K, reserved 446464K
  class space    used 11809K, committed 13696K, reserved 315392K
}
Event: 1504.531 GC heap before
{Heap before GC invocations=31 (full 0):
 garbage-first heap   total 343040K, used 276129K [0x00000000e0000000, 0x0000000100000000)
  region size 1024K, 128 young (131072K), 2 survivors (2048K)
 Metaspace       used 91132K, committed 94656K, reserved 446464K
  class space    used 11817K, committed 13696K, reserved 315392K
}
Event: 1504.681 GC heap after
{Heap after GC invocations=32 (full 0):
 garbage-first heap   total 343040K, used 153274K [0x00000000e0000000, 0x0000000100000000)
  region size 1024K, 8 young (8192K), 8 survivors (8192K)
 Metaspace       used 91132K, committed 94656K, reserved 446464K
  class space    used 11817K, committed 13696K, reserved 315392K
}
Event: 1550.507 GC heap before
{Heap before GC invocations=33 (full 0):
 garbage-first heap   total 343040K, used 277178K [0x00000000e0000000, 0x0000000100000000)
  region size 1024K, 130 young (133120K), 8 survivors (8192K)
 Metaspace       used 91406K, committed 94656K, reserved 446464K
  class space    used 11819K, committed 13696K, reserved 315392K
}
Event: 1550.526 GC heap after
{Heap after GC invocations=34 (full 0):
 garbage-first heap   total 343040K, used 153128K [0x00000000e0000000, 0x0000000100000000)
  region size 1024K, 7 young (7168K), 7 survivors (7168K)
 Metaspace       used 91406K, committed 94656K, reserved 446464K
  class space    used 11819K, committed 13696K, reserved 315392K
}
Event: 1550.680 GC heap before
{Heap before GC invocations=34 (full 0):
 garbage-first heap   total 343040K, used 162344K [0x00000000e0000000, 0x0000000100000000)
  region size 1024K, 16 young (16384K), 7 survivors (7168K)
 Metaspace       used 91422K, committed 94656K, reserved 446464K
  class space    used 11820K, committed 13696K, reserved 315392K
}
Event: 1550.747 GC heap after
{Heap after GC invocations=35 (full 0):
 garbage-first heap   total 343040K, used 149368K [0x00000000e0000000, 0x0000000100000000)
  region size 1024K, 2 young (2048K), 2 survivors (2048K)
 Metaspace       used 91422K, committed 94656K, reserved 446464K
  class space    used 11820K, committed 13696K, reserved 315392K
}
Event: 2863.473 GC heap before
{Heap before GC invocations=35 (full 0):
 garbage-first heap   total 343040K, used 281464K [0x00000000e0000000, 0x0000000100000000)
  region size 1024K, 132 young (135168K), 2 survivors (2048K)
 Metaspace       used 91727K, committed 94656K, reserved 446464K
  class space    used 11842K, committed 13696K, reserved 315392K
}
Event: 2863.592 GC heap after
{Heap after GC invocations=36 (full 0):
 garbage-first heap   total 343040K, used 150727K [0x00000000e0000000, 0x0000000100000000)
  region size 1024K, 4 young (4096K), 4 survivors (4096K)
 Metaspace       used 91727K, committed 94656K, reserved 446464K
  class space    used 11842K, committed 13696K, reserved 315392K
}
Event: 5395.167 GC heap before
{Heap before GC invocations=37 (full 0):
 garbage-first heap   total 343040K, used 283847K [0x00000000e0000000, 0x0000000100000000)
  region size 1024K, 135 young (138240K), 4 survivors (4096K)
 Metaspace       used 92309K, committed 94720K, reserved 446464K
  class space    used 11954K, committed 13696K, reserved 315392K
}
Event: 5395.227 GC heap after
{Heap after GC invocations=38 (full 0):
 garbage-first heap   total 343040K, used 157435K [0x00000000e0000000, 0x0000000100000000)
  region size 1024K, 10 young (10240K), 10 survivors (10240K)
 Metaspace       used 92309K, committed 94720K, reserved 446464K
  class space    used 11954K, committed 13696K, reserved 315392K
}
Event: 5395.477 GC heap before
{Heap before GC invocations=38 (full 0):
 garbage-first heap   total 343040K, used 163579K [0x00000000e0000000, 0x0000000100000000)
  region size 1024K, 16 young (16384K), 10 survivors (10240K)
 Metaspace       used 92312K, committed 94720K, reserved 446464K
  class space    used 11954K, committed 13696K, reserved 315392K
}
Event: 5395.659 GC heap after
{Heap after GC invocations=39 (full 0):
 garbage-first heap   total 343040K, used 150719K [0x00000000e0000000, 0x0000000100000000)
  region size 1024K, 2 young (2048K), 2 survivors (2048K)
 Metaspace       used 92312K, committed 94720K, reserved 446464K
  class space    used 11954K, committed 13696K, reserved 315392K
}
Event: 5397.986 GC heap before
{Heap before GC invocations=39 (full 0):
 garbage-first heap   total 343040K, used 250047K [0x00000000e0000000, 0x0000000100000000)
  region size 1024K, 101 young (103424K), 2 survivors (2048K)
 Metaspace       used 92451K, committed 94784K, reserved 446464K
  class space    used 11966K, committed 13696K, reserved 315392K
}
Event: 5398.015 GC heap after
{Heap after GC invocations=40 (full 0):
 garbage-first heap   total 343040K, used 162525K [0x00000000e0000000, 0x0000000100000000)
  region size 1024K, 14 young (14336K), 14 survivors (14336K)
 Metaspace       used 92451K, committed 94784K, reserved 446464K
  class space    used 11966K, committed 13696K, reserved 315392K
}
Event: 5402.829 GC heap before
{Heap before GC invocations=41 (full 0):
 garbage-first heap   total 343040K, used 279261K [0x00000000e0000000, 0x0000000100000000)
  region size 1024K, 127 young (130048K), 14 survivors (14336K)
 Metaspace       used 94727K, committed 96896K, reserved 446464K
  class space    used 12142K, committed 13696K, reserved 315392K
}
Event: 5402.880 GC heap after
{Heap after GC invocations=42 (full 0):
 garbage-first heap   total 343040K, used 176122K [0x00000000e0000000, 0x0000000100000000)
  region size 1024K, 15 young (15360K), 15 survivors (15360K)
 Metaspace       used 94727K, committed 96896K, reserved 446464K
  class space    used 12142K, committed 13696K, reserved 315392K
}
Event: 5402.895 GC heap before
{Heap before GC invocations=42 (full 0):
 garbage-first heap   total 343040K, used 177146K [0x00000000e0000000, 0x0000000100000000)
  region size 1024K, 16 young (16384K), 15 survivors (15360K)
 Metaspace       used 94737K, committed 96896K, reserved 446464K
  class space    used 12142K, committed 13696K, reserved 315392K
}
Event: 5402.961 GC heap after
{Heap after GC invocations=43 (full 0):
 garbage-first heap   total 343040K, used 169383K [0x00000000e0000000, 0x0000000100000000)
  region size 1024K, 2 young (2048K), 2 survivors (2048K)
 Metaspace       used 94737K, committed 96896K, reserved 446464K
  class space    used 12142K, committed 13696K, reserved 315392K
}
Event: 5446.200 GC heap before
{Heap before GC invocations=43 (full 0):
 garbage-first heap   total 343040K, used 273831K [0x00000000e0000000, 0x0000000100000000)
  region size 1024K, 105 young (107520K), 2 survivors (2048K)
 Metaspace       used 96455K, committed 98496K, reserved 446464K
  class space    used 12387K, committed 13696K, reserved 315392K
}

