# JRE version: Java(TM) SE Runtime Environment 18.9 (11.0.17+10) (build 11.0.17+10-LTS-269)
# Java VM: Java HotSpot(TM) 64-Bit Server VM 18.9 (11.0.17+10-LTS-269, mixed mode, tiered, compressed oops, g1 gc, windows-amd64)
Heap:
 garbage-first heap   total 262144K, used 50853K [0x00000000e0000000, 0x0000000100000000)
  region size 1024K, 33 young (33792K), 2 survivors (2048K)
 Metaspace       used 25993K, capacity 26704K, committed 26928K, reserved 409600K
  class space    used 3405K, capacity 3682K, committed 3712K, reserved 385024K
GC Heap History (6 events):
Event: 2.938 GC heap before
{Heap before GC invocations=0 (full 0):
 garbage-first heap   total 262144K, used 27648K [0x00000000e0000000, 0x0000000100000000)
  region size 1024K, 24 young (24576K), 0 survivors (0K)
 Metaspace       used 9700K, capacity 9957K, committed 10112K, reserved 395264K
  class space    used 967K, capacity 1049K, committed 1152K, reserved 385024K
}
Event: 2.950 GC heap after
{Heap after GC invocations=1 (full 0):
 garbage-first heap   total 262144K, used 10589K [0x00000000e0000000, 0x0000000100000000)
  region size 1024K, 3 young (3072K), 3 survivors (3072K)
 Metaspace       used 9700K, capacity 9957K, committed 10112K, reserved 395264K
  class space    used 967K, capacity 1049K, committed 1152K, reserved 385024K
}
Event: 6.726 GC heap before
{Heap before GC invocations=1 (full 0):
 garbage-first heap   total 262144K, used 107869K [0x00000000e0000000, 0x0000000100000000)
  region size 1024K, 98 young (100352K), 3 survivors (3072K)
 Metaspace       used 20671K, capacity 21206K, committed 21296K, reserved 405504K
  class space    used 2501K, capacity 2674K, committed 2688K, reserved 385024K
}
Event: 6.735 GC heap after
{Heap after GC invocations=2 (full 0):
 garbage-first heap   total 262144K, used 18404K [0x00000000e0000000, 0x0000000100000000)
  region size 1024K, 11 young (11264K), 11 survivors (11264K)
 Metaspace       used 20671K, capacity 21206K, committed 21296K, reserved 405504K
  class space    used 2501K, capacity 2674K, committed 2688K, reserved 385024K
}
Event: 7.295 GC heap before
{Heap before GC invocations=3 (full 0):
 garbage-first heap   total 262144K, used 59364K [0x00000000e0000000, 0x0000000100000000)
  region size 1024K, 51 young (52224K), 11 survivors (11264K)
 Metaspace       used 24018K, capacity 24615K, committed 24752K, reserved 407552K
  class space    used 3063K, capacity 3304K, committed 3328K, reserved 385024K
}
Event: 7.308 GC heap after
{Heap after GC invocations=4 (full 0):
 garbage-first heap   total 262144K, used 20133K [0x00000000e0000000, 0x0000000100000000)
  region size 1024K, 2 young (2048K), 2 survivors (2048K)
 Metaspace       used 24018K, capacity 24615K, committed 24752K, reserved 407552K
  class space    used 3063K, capacity 3304K, committed 3328K, reserved 385024K
}

